<?xml version="1.0" encoding="UTF-8"?>
<!-- Generated by org.testng.reporters.JUnitReportReporter -->
<testsuite hostname="LAPTOP-62HA4PNM" failures="0" tests="1" name="testngpkg.Copypastepgm" time="0.573" errors="0" timestamp="2024-03-08T14:14:32 IST" skipped="0">
  <testcase classname="testngpkg.Copypastepgm" name="test" time="0.573"/>
  <system-out/>
</testsuite> <!-- testngpkg.Copypastepgm -->
