<?xml version="1.0" encoding="UTF-8"?>
<!-- Generated by org.testng.reporters.JUnitReportReporter -->
<testsuite hostname="LAPTOP-62HA4PNM" failures="0" tests="1" name="testngpkg.FacebookLogin" time="0.238" errors="0" timestamp="2024-03-08T13:28:56 IST" skipped="0">
  <testcase classname="testngpkg.FacebookLogin" name="test" time="0.238"/>
  <system-out/>
</testsuite> <!-- testngpkg.FacebookLogin -->
