<?xml version="1.0" encoding="UTF-8"?>
<!-- Generated by org.testng.reporters.JUnitReportReporter -->
<testsuite hostname="LAPTOP-62HA4PNM" failures="0" tests="1" name="testngpkg.Ebaypgmwait" time="3.655" errors="0" timestamp="2024-03-12T23:48:38 IST" skipped="0">
  <testcase classname="testngpkg.Ebaypgmwait" name="test" time="3.655"/>
  <system-out/>
</testsuite> <!-- testngpkg.Ebaypgmwait -->
