<?xml version="1.0" encoding="UTF-8"?>
<!-- Generated by org.testng.reporters.JUnitReportReporter -->
<testsuite hostname="LAPTOP-62HA4PNM" failures="0" tests="3" name="testngpkg.GroupTestDemo" time="0.016" errors="0" timestamp="2024-03-06T15:23:43 IST" skipped="0">
  <testcase classname="testngpkg.GroupTestDemo" name="test5" time="0.003"/>
  <system-out/>
  <testcase classname="testngpkg.GroupTestDemo" name="test2" time="0.001"/>
  <system-out/>
  <testcase classname="testngpkg.GroupTestDemo" name="test1" time="0.012"/>
  <system-out/>
</testsuite> <!-- testngpkg.GroupTestDemo -->
