<?xml version="1.0" encoding="UTF-8"?>
<!-- Generated by org.testng.reporters.JUnitReportReporter -->
<testsuite hostname="LAPTOP-62HA4PNM" failures="0" tests="1" name="testngpkg.Demoguru" time="0.606" errors="0" timestamp="2024-03-08T14:48:42 IST" skipped="0">
  <testcase classname="testngpkg.Demoguru" name="test" time="0.606"/>
  <system-out/>
</testsuite> <!-- testngpkg.Demoguru -->
