<?xml version="1.0" encoding="UTF-8"?>
<!-- Generated by org.testng.reporters.JUnitReportReporter -->
<testsuite hostname="LAPTOP-62HA4PNM" failures="0" tests="1" name="testngpkg.Windowhandler" time="4.191" errors="0" timestamp="2024-03-15T14:07:16 IST" skipped="0">
  <testcase classname="testngpkg.Windowhandler" name="test" time="4.191"/>
  <system-out/>
</testsuite> <!-- testngpkg.Windowhandler -->
