<?xml version="1.0" encoding="UTF-8"?>
<!-- Generated by org.testng.reporters.JUnitReportReporter -->
<testsuite hostname="LAPTOP-62HA4PNM" failures="0" tests="1" name="testngpkg.Amazonpgm" time="12.451" errors="0" timestamp="2024-03-15T22:42:22 IST" skipped="0">
  <testcase classname="testngpkg.Amazonpgm" name="run" time="12.451"/>
  <system-out/>
</testsuite> <!-- testngpkg.Amazonpgm -->
