<?xml version="1.0" encoding="UTF-8"?>
<!-- Generated by org.testng.reporters.JUnitReportReporter -->
<testsuite hostname="LAPTOP-62HA4PNM" failures="0" tests="1" name="testngpkg.datadriven1" time="19.201" errors="0" timestamp="2024-03-14T21:56:09 IST" skipped="0">
  <testcase classname="testngpkg.datadriven1" name="test" time="19.201"/>
  <system-out/>
</testsuite> <!-- testngpkg.datadriven1 -->
