<?xml version="1.0" encoding="UTF-8"?>
<!-- Generated by org.testng.reporters.JUnitReportReporter -->
<testsuite hostname="LAPTOP-62HA4PNM" failures="0" tests="1" name="testngpkg.Datadriventest" time="76.715" errors="0" timestamp="2024-03-14T21:48:59 IST" skipped="0">
  <testcase classname="testngpkg.Datadriventest" name="test" time="76.715"/>
  <system-out/>
</testsuite> <!-- testngpkg.Datadriventest -->
