<?xml version="1.0" encoding="UTF-8"?>
<!-- Generated by org.testng.reporters.JUnitReportReporter -->
<testsuite hostname="LAPTOP-62HA4PNM" failures="0" tests="1" name="testngpkg.Datepicker" time="2.320" errors="0" timestamp="2024-03-14T13:40:07 IST" skipped="0">
  <testcase classname="testngpkg.Datepicker" name="test" time="2.320"/>
  <system-out/>
</testsuite> <!-- testngpkg.Datepicker -->
