<?xml version="1.0" encoding="UTF-8"?>
<!-- Generated by org.testng.reporters.JUnitReportReporter -->
<testsuite hostname="LAPTOP-62HA4PNM" failures="0" tests="1" name="pkg.T4Test" time="1.515" errors="0" timestamp="2024-03-26T13:37:58 IST" skipped="0">
  <testcase classname="pkg.T4Test" name="t4" time="1.515"/>
  <system-out/>
</testsuite> <!-- pkg.T4Test -->
