<?xml version="1.0" encoding="UTF-8"?>
<!-- Generated by org.testng.reporters.JUnitReportReporter -->
<testsuite hostname="LAPTOP-62HA4PNM" failures="0" tests="3" name="testngpkg.Crossbrowser" time="4.606" errors="0" timestamp="2024-03-07T14:54:58 IST" skipped="0">
  <testcase classname="testngpkg.Crossbrowser" name="test" time="1.342"/>
  <system-out/>
  <testcase classname="testngpkg.Crossbrowser" name="test" time="1.648"/>
  <system-out/>
  <testcase classname="testngpkg.Crossbrowser" name="test" time="1.616"/>
  <system-out/>
</testsuite> <!-- testngpkg.Crossbrowser -->
