<?xml version="1.0" encoding="UTF-8"?>
<!-- Generated by org.testng.reporters.JUnitReportReporter -->
<testsuite hostname="LAPTOP-62HA4PNM" failures="0" tests="1" name="testngpkg.Parameterisation" time="0.014" errors="0" timestamp="2024-03-07T14:03:40 IST" skipped="0">
  <testcase classname="testngpkg.Parameterisation" name="test" time="0.014"/>
  <system-out/>
</testsuite> <!-- testngpkg.Parameterisation -->
