<?xml version="1.0" encoding="UTF-8"?>
<!-- Generated by org.testng.reporters.JUnitReportReporter -->
<testsuite hostname="LAPTOP-62HA4PNM" failures="0" tests="5" name="testngpkg.TestngDemo" time="0.016" errors="0" timestamp="2024-03-06T15:02:26 IST" skipped="0">
  <testcase classname="testngpkg.TestngDemo" name="test2" time="0.007"/>
  <system-out/>
  <testcase classname="testngpkg.TestngDemo" name="test2" time="0.003"/>
  <system-out/>
  <testcase classname="testngpkg.TestngDemo" name="test2" time="0.002"/>
  <system-out/>
  <testcase classname="testngpkg.TestngDemo" name="test1" time="0.003"/>
  <system-out/>
  <testcase classname="testngpkg.TestngDemo" name="test3" time="0.001"/>
  <system-out/>
</testsuite> <!-- testngpkg.TestngDemo -->
